<?xml version="1.0" encoding="UTF-8"?>
<!-- Generated by org.testng.reporters.JUnitReportReporter -->
<testsuite hostname="DESKTOP-A8T46AM" failures="0" tests="1" name="Naukari.Resumeupdate" time="24.808" errors="0" timestamp="2025-09-17T15:29:07 IST" skipped="0">
  <testcase classname="Naukari.Resumeupdate" name="naukarilogin" time="24.808"/>
</testsuite> <!-- Naukari.Resumeupdate -->
